<html>
<body>
<pre>
<h1>Vision Build Log</h1>
<h2>Tool Versions:</h2>
IDE-Version: μVision V5.38.0.0
Copyright (C) 2022 ARM Ltd and ARM Germany GmbH. All rights reserved.
License Information: 11 G, 1, LIC=BUURY-IBDA7-HLFCL-0E2Y7-SZ4P4-PNWS7
 
Tool Versions:
Toolchain:       MDK-ARM Plus  Version: 5.38.0.0
Toolchain Path:  D:\Users\G\RM\keil\ARM\ARMCC\Bin
C Compiler:      Armcc.exe V5.06 update 7 (build 960)
Assembler:       Armasm.exe V5.06 update 7 (build 960)
Linker/Locator:  ArmLink.exe V5.06 update 7 (build 960)
Library Manager: ArmAr.exe V5.06 update 7 (build 960)
Hex Converter:   FromElf.exe V5.06 update 7 (build 960)
CPU DLL:         SARMCM3.DLL V5.38.0.0
Dialog DLL:      DCM.DLL V1.17.5.0
Target DLL:      UL2CM3.DLL V1.164.8.0
Dialog DLL:      TCM.DLL V1.56.4.0
 
<h2>Project:</h2>
D:\GitHub\RPS_Embedded_Development_Team\DEMO\USER\Template.uvprojx
Project File Date:  10/02/2023

<h2>Output:</h2>
*** Using Compiler 'V5.06 update 7 (build 960)', folder: 'D:\Users\G\RM\keil\ARM\ARMCC\Bin'
Rebuild target 'Template'
compiling Send.pb-c.c...
compiling Recieve.pb-c.c...
compiling protobuf-c.c...
compiling stm32f4xx_it.c...
compiling BSP.c...
compiling system_stm32f4xx.c...
compiling oldpid.c...
compiling CanBus.c...
compiling shoot_task.c...
..\APP\TASK\SHOOT_TASK\Src\shoot_task.c(30): error:  #159: declaration is incompatible with previous "test_mode_task"  (declared at line 22)
  void test_mode_task(void)
..\APP\TASK\SHOOT_TASK\Src\shoot_task.c(33): error:  #20: identifier "now_current" is undefined
  		if(now_current==last_current)
..\APP\TASK\SHOOT_TASK\Src\shoot_task.c(33): error:  #20: identifier "last_current" is undefined
  		if(now_current==last_current)
..\APP\TASK\SHOOT_TASK\Src\shoot_task.c(34): error:  #20: identifier "count_time" is undefined
  			count_time++;
..\APP\TASK\SHOOT_TASK\Src\shoot_task.c(36): error:  #20: identifier "count_time" is undefined
  			count_time=0;
..\APP\TASK\SHOOT_TASK\Src\shoot_task.c(37): error:  #20: identifier "count_time" is undefined
  		if(count_time>=3000)
..\APP\TASK\SHOOT_TASK\Src\shoot_task.c(38): error:  #20: identifier "bullet_flag" is undefined
  			bullet_flag=1;
..\APP\TASK\SHOOT_TASK\Src\shoot_task.c(39): error:  #20: identifier "bullet_flag" is undefined
  		if((bullet_flag)&&(count_time<=30))  //如果先断电了，再通电，开始累加
..\APP\TASK\SHOOT_TASK\Src\shoot_task.c(39): error:  #20: identifier "count_time" is undefined
  		if((bullet_flag)&&(count_time<=30))  //如果先断电了，再通电，开始累加
..\APP\TASK\SHOOT_TASK\Src\shoot_task.c(40): error:  #20: identifier "bullet_flag_time" is undefined
  			bullet_flag_time++;
..\APP\TASK\SHOOT_TASK\Src\shoot_task.c(42): error:  #20: identifier "bullet_flag_time" is undefined
  			bullet_flag_time=0;
..\APP\TASK\SHOOT_TASK\Src\shoot_task.c(43): error:  #20: identifier "bullet_flag_time" is undefined
  		if(bullet_flag_time==50)    //重新进入初始化
..\APP\TASK\SHOOT_TASK\Src\shoot_task.c(45): error:  #20: identifier "bullet_flag" is undefined
  			bullet_flag=0;
..\APP\TASK\SHOOT_TASK\Src\shoot_task.c(48): error:  #20: identifier "position_set_flag" is undefined
  			position_set_flag=0;
..\APP\TASK\SHOOT_TASK\Src\shoot_task.c(51): error:  #20: identifier "last_raw_value" is undefined
  		last_raw_value=raw_value;                          //更新value值
..\APP\TASK\SHOOT_TASK\Src\shoot_task.c(51): error:  #20: identifier "raw_value" is undefined
  		last_raw_value=raw_value;                          //更新value值
..\APP\TASK\SHOOT_TASK\Src\shoot_task.c(52): error:  #20: identifier "BUS1_CM1Encoder" is undefined
  		raw_value=BUS1_CM1Encoder.last_raw_value;          //获取新的value
..\APP\TASK\SHOOT_TASK\Src\shoot_task.c(60): error:  #20: identifier "shot_judge_flag" is undefined
  		if(shot_judge_flag==0)
..\APP\TASK\SHOOT_TASK\Src\shoot_task.c(61): error:  #20: identifier "shot_space_time" is undefined
  			shot_space_time++;
..\APP\TASK\SHOOT_TASK\Src\shoot_task.c(62): error:  #20: identifier "shot_space_time" is undefined
  		if(shot_space_time==700)
..\APP\TASK\SHOOT_TASK\Src\shoot_task.c(65): error:  #20: identifier "shot_judge_flag" is undefined
  			shot_judge_flag=1;
..\APP\TASK\SHOOT_TASK\Src\shoot_task.c(67): error:  #20: identifier "shot_judge_flag" is undefined
  		if(shot_judge_flag==1)
..\APP\TASK\SHOOT_TASK\Src\shoot_task.c(69): error:  #136: struct "<unnamed>"  has no field "shot_flag"
  			if(new_location.shot_flag==1)
..\APP\TASK\SHOOT_TASK\Src\shoot_task.c(70): error:  #20: identifier "shot_flag" is undefined
  				shot_flag=1;
..\APP\TASK\SHOOT_TASK\Src\shoot_task.c(72): error:  #20: identifier "shot_flag" is undefined
  				shot_flag=0;
..\APP\TASK\SHOOT_TASK\Src\shoot_task.c(107): error:  #20: identifier "Init_flag" is undefined
  	if(Init_flag)            //初始化的时候进入
..\APP\TASK\SHOOT_TASK\Src\shoot_task.c(109): error:  #20: identifier "taget_angle_2" is undefined
  			taget_angle_2=BUS1_CM5_Poke_Encoder.rotor_out;
..\APP\TASK\SHOOT_TASK\Src\shoot_task.c(109): error:  #20: identifier "BUS1_CM5_Poke_Encoder" is undefined
  			taget_angle_2=BUS1_CM5_Poke_Encoder.rotor_out;
..\APP\TASK\SHOOT_TASK\Src\shoot_task.c(111): error:  #20: identifier "position_time" is undefined
  			position_time=0;
..\APP\TASK\SHOOT_TASK\Src\shoot_task.c(112): error:  #20: identifier "position_set_flag" is undefined
  			position_set_flag=1;
..\APP\TASK\SHOOT_TASK\Src\shoot_task.c: 0 warnings, 30 errors
compiling senior.c...
compiling CH100.c...
compiling infantry_gimbal_task.c...
compiling mode_switch_task.c...
compiling main.c...
compiling DJI_MOTOR.c...
compiling HI220.c...
compiling HT430.c...
compiling JUDGE.c...
compiling Auto_shoot.c...
compiling PM01.c...
compiling LK_TECH.c...
compiling REMOTE.c...
compiling sys.c...
compiling misc.c...
compiling stm32f4xx_adc.c...
compiling stm32f4xx_can.c...
compiling stm32f4xx_crc.c...
compiling can.c...
compiling timer.c...
compiling delay.c...
compiling stm32f4xx_dac.c...
compiling led.c...
compiling pwm.c...
compiling stm32f4xx_exti.c...
compiling stm32f4xx_dma.c...
compiling usart.c...
assembling startup_stm32f40_41xxx.s...
compiling stm32f4xx_gpio.c...
compiling stm32f4xx_flash.c...
compiling stm32f4xx_i2c.c...
compiling stm32f4xx_iwdg.c...
compiling BasicMathFunctionsF16.c...
compiling BayesFunctions.c...
compiling BayesFunctionsF16.c...
compiling BasicMathFunctions.c...
compiling CommonTablesF16.c...
compiling stm32f4xx_rcc.c...
compiling ComplexMathFunctions.c...
compiling stm32f4xx_usart.c...
compiling stm32f4xx_rng.c...
compiling stm32f4xx_syscfg.c...
compiling stm32f4xx_spi.c...
compiling ComplexMathFunctionsF16.c...
compiling stm32f4xx_tim.c...
compiling ControllerFunctions.c...
compiling DistanceFunctions.c...
compiling FastMathFunctionsF16.c...
compiling DistanceFunctionsF16.c...
compiling FastMathFunctions.c...
compiling FilteringFunctionsF16.c...
compiling InterpolationFunctionsF16.c...
compiling InterpolationFunctions.c...
compiling MatrixFunctionsF16.c...
compiling QuaternionMathFunctions.c...
compiling SVMFunctions.c...
compiling CommonTables.c...
compiling SVMFunctionsF16.c...
compiling StatisticsFunctionsF16.c...
compiling retarget_io.c...
compiling SupportFunctionsF16.c...
compiling StatisticsFunctions.c...
compiling SupportFunctions.c...
compiling TransformFunctionsF16.c...
compiling MatrixFunctions.c...
compiling TransformFunctions.c...
compiling FilteringFunctions.c...
"..\OBJ\Template.axf" - 30 Error(s), 0 Warning(s).

<h2>Software Packages used:</h2>

Package Vendor: ARM
                http://www.keil.com/pack/ARM.CMSIS.5.9.0.pack
                ARM.CMSIS.5.9.0
                CMSIS (Common Microcontroller Software Interface Standard)
   * Component: CORE Version: 5.6.0

Package Vendor: ARM
                https://www.keil.com/pack/ARM.CMSIS-DSP.1.14.2.pack
                ARM.CMSIS-DSP.1.14.2
                CMSIS Embedded Compute Library
   * Component: DSP Variant: Source Version: 1.14.2

Package Vendor: Keil
                https://www.keil.com/pack/Keil.ARM_Compiler.1.7.2.pack
                Keil.ARM_Compiler.1.7.2
                Keil ARM Compiler extensions for ARM Compiler 5 and ARM Compiler 6
   * Component: STDERR Variant: ITM Version: 1.2.0

Package Vendor: Keil
                http://www.keil.com/pack/Keil.STM32F4xx_DFP.2.15.0.pack
                Keil.STM32F4xx_DFP.2.15.0
                STMicroelectronics STM32F4 Series Device Support, Drivers and Examples

<h2>Collection of Component include folders:</h2>
  ./RTE/_Template
  D:/Users/G/RM/keil/packs/ARM/CMSIS-DSP/1.14.2/Include
  D:/Users/G/RM/keil/packs/ARM/CMSIS-DSP/1.14.2/PrivateInclude
  D:/Users/G/RM/keil/packs/ARM/CMSIS/5.9.0/CMSIS/Core/Include
  D:/Users/G/RM/keil/packs/Keil/STM32F4xx_DFP/2.15.0/Drivers/CMSIS/Device/ST/STM32F4xx/Include

<h2>Collection of Component Files used:</h2>

   * Component: ARM::CMSIS:CORE:5.6.0

   * Component: ARM::CMSIS:DSP:Source:1.14.2
      Include file:  Include/arm_math.h
      Include file:  Include/arm_math_f16.h
      Source file:   Source/DistanceFunctions/DistanceFunctions.c
      Source file:   Source/SVMFunctions/SVMFunctions.c
      Source file:   Source/InterpolationFunctions/InterpolationFunctions.c
      Source file:   Source/BasicMathFunctions/BasicMathFunctionsF16.c
      Source file:   Source/TransformFunctions/TransformFunctions.c
      Source file:   Source/CommonTables/CommonTablesF16.c
      Include file:  Include/arm_const_structs.h
      Source file:   Source/ComplexMathFunctions/ComplexMathFunctionsF16.c
      Include file:  Include/arm_common_tables.h
      Source file:   Source/MatrixFunctions/MatrixFunctions.c
      Source file:   Source/FilteringFunctions/FilteringFunctionsF16.c
      Include file:  Include/arm_const_structs_f16.h
      Source file:   Source/ComplexMathFunctions/ComplexMathFunctions.c
      Source file:   Source/SupportFunctions/SupportFunctions.c
      Source file:   Source/TransformFunctions/TransformFunctionsF16.c
      Source file:   Source/InterpolationFunctions/InterpolationFunctionsF16.c
      Source file:   Source/StatisticsFunctions/StatisticsFunctionsF16.c
      Source file:   Source/FastMathFunctions/FastMathFunctionsF16.c
      Source file:   Source/SupportFunctions/SupportFunctionsF16.c
      Source file:   Source/FilteringFunctions/FilteringFunctions.c
      Source file:   Source/BasicMathFunctions/BasicMathFunctions.c
      Source file:   Source/DistanceFunctions/DistanceFunctionsF16.c
      Source file:   Source/MatrixFunctions/MatrixFunctionsF16.c
      Source file:   Source/StatisticsFunctions/StatisticsFunctions.c
      Source file:   Source/FastMathFunctions/FastMathFunctions.c
      Source file:   Source/BayesFunctions/BayesFunctions.c
      Include file:  Include/arm_common_tables_f16.h
      Source file:   Source/QuaternionMathFunctions/QuaternionMathFunctions.c
      Source file:   Source/CommonTables/CommonTables.c
      Source file:   Source/ControllerFunctions/ControllerFunctions.c
      Source file:   Source/BayesFunctions/BayesFunctionsF16.c
      Source file:   Source/SVMFunctions/SVMFunctionsF16.c

   * Component: Keil.ARM Compiler::Compiler:I/O:STDERR:ITM:1.2.0
      Source file:   Source/retarget_io.c
Target not created.
Build Time Elapsed:  00:00:06
</pre>
</body>
</html>
